2021-03-05 23:20:04,569 root                : INFO     :: System Report: The process has started on 2021-03-05 23:20:04.568098.
2021-03-05 23:20:04,569 root.config_check   : DEBUG    :: System Report: config.json file available, progressing to next phase.
2021-03-05 23:20:04,569 root                : DEBUG    :: System Report: Creating the test directory.
2021-03-05 23:20:04,571 root                : DEBUG    :: System Report: Checking operation mode and generating test node(s) path(s).
2021-03-05 23:20:04,571 root.utils.get_proteins: DEBUG    :: System Report: Single mode enabled!
2021-03-05 23:20:04,571 root.utils.get_proteins: INFO     :: System Report: Protein ubiq was successfully loaded.
2021-03-05 23:20:04,572 root.utils.get_proteins: INFO     :: System Report: Directory E:\PycharmProjects\protein-refinement\Tests\05-03-2021_23_20_04\ubiq successfully created.
2021-03-05 23:20:04,572 root                : DEBUG    :: System Report: Write Matlab protein input data
2021-03-05 23:20:04,572 root.distance_file  : DEBUG    >> System Report: Looking for dist.txt file of node: ubiq...
2021-03-05 23:20:04,573 root.distance_file  : DEBUG    >> System Report: One correspondence found... Loading dist.txt file.
2021-03-05 23:20:04,573 root.distance_file  : DEBUG    :: System Report: Process completed successfully, waiting for data to be read...

2021-03-05 23:20:04,573 root                : INFO     :: System Report: Start of [SDP] phase.
2021-03-05 23:20:08,896 root.utils.matlab_sdp: INFO     # proteins.txt read complete!
2021-03-05 23:20:08,897 root.utils.matlab_sdp: INFO     # Total number of nodes read: 1
2021-03-05 23:20:08,897 root.utils.matlab_sdp: INFO     # Protein: ubiq
2021-03-05 23:20:09,956 root.utils.matlab_sdp: INFO     # Distance file read: Complete
2021-03-05 23:20:10,101 root.utils.matlab_sdp: INFO     # Number of used atoms: 894  Number of know distances: 1622 # All restricitons loaded
2021-03-05 23:20:10,101 root.utils.matlab_sdp: INFO     Generating A(G) and B matrix...
2021-03-05 23:20:23,230 root.utils.matlab_sdp: INFO     Completed generation for B matrix and b vector!
2021-03-05 23:20:33,445 root.utils.matlab_sdp: INFO     Complete creation of matrix A(G)!
2021-03-05 23:20:33,456 root.utils.matlab_sdp: INFO     SDPT3 - Start Solving.
2021-03-05 23:20:33,521 root.utils.matlab_sdp: INFO     
2021-03-05 23:20:33,522 root.utils.matlab_sdp: INFO      num. of constraints = 4138
2021-03-05 23:20:33,522 root.utils.matlab_sdp: INFO      dim. of sdp    var  = 894,   num. of sdp  blk  =  1
2021-03-05 23:20:34,718 root.utils.matlab_sdp: INFO      dim. of linear var  = 3244
2021-03-05 23:20:34,718 root.utils.matlab_sdp: INFO     *******************************************************************
2021-03-05 23:20:34,719 root.utils.matlab_sdp: INFO        SDPT3: Infeasible path-following algorithms
2021-03-05 23:20:34,719 root.utils.matlab_sdp: INFO     *******************************************************************
2021-03-05 23:20:34,726 root.utils.matlab_sdp: INFO      version  predcorr  gam  expon  scale_data
2021-03-05 23:20:34,726 root.utils.matlab_sdp: INFO        HKM      1      0.000   1        0
2021-03-05 23:20:34,726 root.utils.matlab_sdp: INFO     it pstep dstep pinfeas dinfeas  gap      prim-obj      dual-obj    cputime
2021-03-05 23:20:34,727 root.utils.matlab_sdp: INFO     -------------------------------------------------------------------
2021-03-05 23:20:38,290 root.utils.matlab_sdp: INFO      0|0.000|0.000|3.5e+03|1.1e+02|1.2e+09|-1.956408e+07  0.000000e+00| 0:0:01| spchol  1  1
2021-03-05 23:21:00,551 root.utils.matlab_sdp: INFO      1|0.759|0.940|8.5e+02|7.3e+00|2.9e+08|-1.099315e+07 -1.253931e+06| 0:0:04| chol  1  1
2021-03-05 23:21:23,079 root.utils.matlab_sdp: INFO      2|0.859|0.655|1.2e+02|2.7e+00|4.5e+07|-1.362421e+07 -1.434200e+06| 0:0:27| chol  1  1
2021-03-05 23:21:45,360 root.utils.matlab_sdp: INFO      3|0.433|0.069|6.8e+01|2.5e+00|3.3e+07|-9.397313e+08 -1.455219e+06| 0:0:49| chol  1  1
2021-03-05 23:22:08,984 root.utils.matlab_sdp: INFO      4|0.188|0.007|5.5e+01|2.5e+00|2.4e+09|-3.261059e+12 -1.464729e+06| 0:1:11| chol  1  2
2021-03-05 23:22:30,859 root.utils.matlab_sdp: INFO      5|0.021|0.001|5.4e+01|2.5e+00|9.4e+12|-1.313058e+17 -1.575840e+06| 0:1:35| chol
2021-03-05 23:22:30,859 root.utils.matlab_sdp: INFO       linsysolve: Schur complement matrix not positive definite
2021-03-05 23:22:34,357 root.utils.matlab_sdp: INFO       switch to LU factor. lu 30  22
2021-03-05 23:22:58,676 root.utils.matlab_sdp: INFO      6|0.000|0.000|8.0e+01|2.5e+00|2.5e+14|-3.534893e+18 -1.614296e+06| 0:2:00| lu 30 ^14
2021-03-05 23:23:24,713 root.utils.matlab_sdp: INFO      7|0.000|0.000|2.1e+02|2.5e+00|2.8e+14|-3.881341e+18 -1.619128e+06| 0:2:25| lu 30  30
2021-03-05 23:23:50,062 root.utils.matlab_sdp: INFO      8|0.000|0.000|2.2e+02|2.5e+00|2.8e+14|-3.989958e+18 -1.620273e+06| 0:2:51| lu 30  30
2021-03-05 23:24:15,140 root.utils.matlab_sdp: INFO      9|0.000|0.000|2.2e+02|2.5e+00|2.8e+14|-3.990099e+18 -1.619474e+06| 0:3:16| lu 30 ^16
2021-03-05 23:24:37,896 root.utils.matlab_sdp: INFO     10|0.000|0.000|2.2e+02|2.5e+00|2.8e+14|-3.990104e+18 -1.617695e+06| 0:3:41| lu 11
2021-03-05 23:24:37,897 root.utils.matlab_sdp: INFO       stop: steps in predictor too short: pstep = 1.45e-09,  dstep = 6.41e-05
2021-03-05 23:24:37,924 root.utils.matlab_sdp: INFO     
2021-03-05 23:24:37,971 root.utils.matlab_sdp: INFO     11|0.000|0.000|2.2e+02|2.5e+00|2.8e+14|-3.990104e+18 -1.617695e+06| 0:4:04|
2021-03-05 23:24:37,972 root.utils.matlab_sdp: INFO       prim_inf,dual_inf,relgap = 2.17e+02, 2.49e+00, 7.12e-05
2021-03-05 23:24:37,993 root.utils.matlab_sdp: INFO       sqlp stop: dual problem is suspected of being infeasible
2021-03-05 23:24:37,993 root.utils.matlab_sdp: INFO     -------------------------------------------------------------------
2021-03-05 23:24:37,993 root.utils.matlab_sdp: INFO      number of iterations   = 11
2021-03-05 23:24:37,993 root.utils.matlab_sdp: INFO      residual of dual infeasibility
2021-03-05 23:24:37,994 root.utils.matlab_sdp: INFO      certificate X          = 1.28e-02
2021-03-05 23:24:37,994 root.utils.matlab_sdp: INFO      reldist to infeas.    <= 1.70e-04
2021-03-05 23:24:37,994 root.utils.matlab_sdp: INFO      Total CPU time (secs)  = 244.01
2021-03-05 23:24:37,994 root.utils.matlab_sdp: INFO      CPU time per iteration = 22.18
2021-03-05 23:24:37,995 root.utils.matlab_sdp: INFO      termination code       =  2
2021-03-05 23:24:37,995 root.utils.matlab_sdp: INFO      DIMACS errors: 1.3e+03  0.0e+00  4.1e+01  0.0e+00  -8.1e-01  3.0e+00
2021-03-05 23:24:37,995 root.utils.matlab_sdp: INFO     -------------------------------------------------------------------
2021-03-05 23:24:38,029 root.utils.matlab_sdp: INFO     >> Solver conclusion: sqlp stop: dual problem is suspected of being infeasible
2021-03-05 23:24:38,030 root.utils.matlab_sdp: INFO     # Get spectral decomposition of solution
2021-03-05 23:24:38,094 root.utils.matlab_sdp: INFO     # Generating output files from obtained solutions
2021-03-05 23:24:38,673 root.utils.matlab_sdp: INFO     # Process completed successfully!
2021-03-05 23:24:38,674 root.utils.matlab_sdp: INFO     ------------------------------------------------------
2021-03-05 23:24:38,677 root.utils.matlab_sdp: INFO     # The [SDP] process was successfully completed !
2021-03-05 23:24:40,863 root                : DEBUG    :: System Report: [SDP] completed! [SPG] environment configuration set.

2021-03-05 23:24:40,863 root                : INFO     :: System Report: Loading [SPG] entries.
2021-03-05 23:24:40,863 root                : INFO     :: #1 Node: ubiq of 1
2021-03-05 23:24:40,863 root                : DEBUG    :: Environmental properties successful loaded.
2021-03-05 23:24:46,255 root.utils.env_set  : DEBUG    :: System Report: Distance file read completed!
2021-03-05 23:24:46,954 root.utils.env_set  : DEBUG    :: Process completed successfully, waiting for data to be read...
2021-03-05 23:24:46,954 root                : INFO     :: System Report: Start [SPG] program phase.
2021-03-05 23:24:49,268 root                : DEBUG    :: The process of reformatting/re-ordination was successfully completed in 2.0315s
2021-03-05 23:24:49,395 root.run_spg.launch_spg: DEBUG    :: relax_k file read complete.
2021-03-05 23:24:50,123 root.run_spg.launch_spg: DEBUG    :: relax_np file read complete.
2021-03-05 23:25:02,621 root.run_spg.launch_spg: INFO     :: maximum iterations: 2000, tol: 1e-06 and memory: 15
2021-03-05 23:25:10,656 root.load_spg.spg   : INFO     >> Iter - Obj ------ GtD ------ |d| ------ pB ------ alpha ----
2021-03-05 23:25:44,147 root.load_spg.spg   : INFO     >> 0    : 1.055e+06  -3.484e+09 3.484e+09  1.000e+00  0.0009765625
2021-03-05 23:25:52,577 root.load_spg.spg   : INFO     >> 1    : 9.171e+05  -3.383e+05 2.949e+05  1.566e+03  1.0       
2021-03-05 23:26:28,163 root.load_spg.spg   : INFO     >> 2    : 3.691e+05  -6.920e+08 5.341e+08  1.296e+00  0.001953125
2021-03-05 23:26:36,891 root.load_spg.spg   : INFO     >> 3    : 2.899e+05  -5.067e+05 2.969e+05  6.141e+02  1.0       
2021-03-05 23:27:04,975 root.load_spg.spg   : INFO     >> 4    : 4.432e+05  -4.715e+07 1.645e+07  2.933e+00  0.015625  
2021-03-05 23:27:13,781 root.load_spg.spg   : INFO     >> 5    : 4.188e+05  -1.233e+06 2.083e+05  3.575e+02  1.0       
2021-03-05 23:27:37,723 root.load_spg.spg   : INFO     >> 6    : 6.506e+05  -4.542e+07 4.273e+06  1.183e+01  0.03125   
2021-03-05 23:27:49,435 root.load_spg.spg   : INFO     >> 7    : 9.189e+05  -3.942e+06 2.095e+05  2.796e+02  0.5       
2021-03-05 23:28:06,995 root.load_spg.spg   : INFO     >> 8    : 1.030e+06  -2.622e+07 6.602e+05  8.579e+01  0.125     
2021-03-05 23:28:21,783 root.load_spg.spg   : INFO     >> 9    : 2.099e+05  -7.009e+06 6.361e+04  3.473e+02  0.25      
2021-03-05 23:28:30,552 root.load_spg.spg   : INFO     >> 10   : 2.639e+05  -9.974e+04 4.055e+04  4.749e+02  1.0       
2021-03-05 23:28:57,550 root.load_spg.spg   : INFO     >> 11   : 4.962e+05  -2.250e+07 3.334e+06  6.990e+00  0.015625  
2021-03-05 23:29:06,199 root.load_spg.spg   : INFO     >> 12   : 4.893e+05  -2.103e+05 3.954e+05  1.454e+03  1.0       
2021-03-05 23:29:39,013 root.load_spg.spg   : INFO     >> 13   : 8.548e+05  -5.555e+08 5.401e+08  1.029e+00  0.00390625
2021-03-05 23:29:47,700 root.load_spg.spg   : INFO     >> 14   : 7.943e+05  -3.216e+06 3.997e+05  6.383e+02  1.0       
2021-03-05 23:30:17,651 root.load_spg.spg   : INFO     >> 15   : 4.336e+05  -2.204e+08 2.956e+07  7.462e+00  0.0078125 
2021-03-05 23:30:26,586 root.load_spg.spg   : INFO     >> 16   : 6.775e+05  9.957e+04  4.390e+05  1.527e+03  1.0       
2021-03-05 23:31:04,652 root.load_spg.spg   : INFO     >> 17   : 8.507e+05  -1.444e+09 2.199e+09  6.565e-01  0.001953125
2021-03-05 23:31:16,724 root.load_spg.spg   : INFO     >> 18   : 3.869e+05  -2.951e+06 4.306e+05  7.349e+02  0.5       
2021-03-05 23:31:42,115 root.load_spg.spg   : INFO     >> 19   : 5.605e+05  -2.091e+07 1.240e+06  1.855e+01  0.03125   
2021-03-05 23:31:51,710 root.load_spg.spg   : INFO     >> 20   : 3.501e+05  -1.043e+06 1.536e+05  1.381e+03  1.0       
2021-03-05 23:32:19,862 root.load_spg.spg   : INFO     >> 21   : 3.628e+05  -2.802e+07 2.647e+06  1.080e+01  0.015625  
2021-03-05 23:32:29,144 root.load_spg.spg   : INFO     >> 22   : 5.983e+05  1.062e+04  4.221e+05  1.411e+03  1.0       
2021-03-05 23:33:03,542 root.load_spg.spg   : INFO     >> 23   : 8.395e+05  -5.653e+08 5.335e+08  1.060e+00  0.00390625
