2021-03-05 21:25:06,555 root                : INFO     :: System Report: The process has started on 2021-03-05 21:25:06.554274.
2021-03-05 21:25:06,557 root.config_check   : DEBUG    :: System Report: config.json file available, progressing to next phase.
2021-03-05 21:25:06,572 root                : DEBUG    :: System Report: Creating the test directory.
2021-03-05 21:25:06,574 root                : DEBUG    :: System Report: Checking operation mode and generating test node(s) path(s).
2021-03-05 21:25:06,574 root.utils.get_proteins: DEBUG    :: System Report: Single mode enabled!
2021-03-05 21:25:06,575 root.utils.get_proteins: INFO     :: System Report: Protein ubiq was successfully loaded.
2021-03-05 21:25:06,576 root.utils.get_proteins: INFO     :: System Report: Directory E:\PycharmProjects\protein-refinement\Tests\05-03-2021_21_25_06\ubiq successfully created.
2021-03-05 21:25:06,578 root                : DEBUG    :: System Report: Write Matlab protein input data
2021-03-05 21:25:06,579 root.distance_file  : DEBUG    >> System Report: Looking for dist.txt file of node: ubiq...
2021-03-05 21:25:06,580 root.distance_file  : DEBUG    >> System Report: One correspondence found... Loading dist.txt file.
2021-03-05 21:25:06,580 root.distance_file  : DEBUG    :: System Report: Process completed successfully, waiting for data to be read...

2021-03-05 21:25:06,580 root                : INFO     :: System Report: Start of [SDP] phase.
2021-03-05 21:25:33,362 root.utils.matlab_sdp: INFO     # proteins.txt read complete!
2021-03-05 21:25:33,376 root.utils.matlab_sdp: INFO     # Total number of nodes read: 1
2021-03-05 21:25:33,377 root.utils.matlab_sdp: INFO     # Protein: ubiq
2021-03-05 21:25:37,193 root.utils.matlab_sdp: INFO     # Distance file read: Complete
2021-03-05 21:25:37,475 root.utils.matlab_sdp: INFO     # Number of used atoms: 894  Number of know distances: 1893 # All restricitons loaded
2021-03-05 21:25:37,477 root.utils.matlab_sdp: INFO     Generating A(G) and B matrix...
2021-03-05 21:25:52,448 root.utils.matlab_sdp: INFO     Completed generation for B matrix and b vector!
2021-03-05 21:26:02,101 root.utils.matlab_sdp: INFO     Complete creation of matrix A(G)!
2021-03-05 21:26:02,111 root.utils.matlab_sdp: INFO     SDPT3 - Start Solving.
2021-03-05 21:26:02,362 root.utils.matlab_sdp: INFO     
2021-03-05 21:26:02,362 root.utils.matlab_sdp: INFO      num. of constraints = 4680
2021-03-05 21:26:02,363 root.utils.matlab_sdp: INFO      dim. of sdp    var  = 894,   num. of sdp  blk  =  1
2021-03-05 21:26:04,072 root.utils.matlab_sdp: INFO      dim. of linear var  = 3786
2021-03-05 21:26:04,072 root.utils.matlab_sdp: INFO     *******************************************************************
2021-03-05 21:26:04,073 root.utils.matlab_sdp: INFO        SDPT3: Infeasible path-following algorithms
2021-03-05 21:26:04,073 root.utils.matlab_sdp: INFO     *******************************************************************
2021-03-05 21:26:04,081 root.utils.matlab_sdp: INFO      version  predcorr  gam  expon  scale_data
2021-03-05 21:26:04,085 root.utils.matlab_sdp: INFO        HKM      1      0.000   1        0
2021-03-05 21:26:04,085 root.utils.matlab_sdp: INFO     it pstep dstep pinfeas dinfeas  gap      prim-obj      dual-obj    cputime
2021-03-05 21:26:04,085 root.utils.matlab_sdp: INFO     -------------------------------------------------------------------
2021-03-05 21:26:07,772 root.utils.matlab_sdp: INFO      0|0.000|0.000|3.2e+03|1.3e+02|1.5e+09|-2.113622e+07  0.000000e+00| 0:0:01| spchol  1  1
2021-03-05 21:26:29,781 root.utils.matlab_sdp: INFO      1|0.721|0.938|9.0e+02|8.5e+00|4.3e+08|-1.163954e+07 -2.156865e+06| 0:0:05| chol  1  1
2021-03-05 21:26:56,640 root.utils.matlab_sdp: INFO      2|0.840|0.662|1.4e+02|3.1e+00|7.9e+07|-1.208823e+07 -2.520973e+06| 0:0:27| chol  1  1
2021-03-05 21:27:25,515 root.utils.matlab_sdp: INFO      3|0.504|0.070|7.1e+01|2.8e+00|4.7e+07|-8.650182e+08 -2.579937e+06| 0:0:54| chol  1  1
2021-03-05 21:27:52,055 root.utils.matlab_sdp: INFO      4|0.186|0.007|5.8e+01|2.8e+00|2.1e+09|-2.829108e+12 -2.595787e+06| 0:1:22| chol  1  2
2021-03-05 21:28:18,752 root.utils.matlab_sdp: INFO      5|0.026|0.001|5.7e+01|2.8e+00|9.6e+12|-1.313432e+17 -2.711411e+06| 0:1:49| chol
2021-03-05 21:28:18,753 root.utils.matlab_sdp: INFO       linsysolve: Schur complement matrix not positive definite
2021-03-05 21:28:22,476 root.utils.matlab_sdp: INFO       switch to LU factor. lu 25   7
2021-03-05 21:28:57,329 root.utils.matlab_sdp: INFO      6|0.000|0.000|5.7e+01|2.8e+00|1.6e+13|-2.197644e+17 -2.740947e+06| 0:2:19| lu 28   9
2021-03-05 21:29:32,378 root.utils.matlab_sdp: INFO      7|0.000|0.000|6.3e+01|2.8e+00|1.8e+14|-2.408319e+18 -2.859786e+06| 0:2:54| lu 30 ^14
2021-03-05 21:30:04,687 root.utils.matlab_sdp: INFO      8|0.000|0.000|7.1e+01|2.8e+00|2.0e+14|-2.745743e+18 -2.826865e+06| 0:3:29| lu 30 ^15
2021-03-05 21:30:39,986 root.utils.matlab_sdp: INFO      9|0.000|0.000|7.5e+01|2.8e+00|2.2e+14|-2.956186e+18 -2.810657e+06| 0:4:02| lu 30 ^28
2021-03-05 21:31:12,011 root.utils.matlab_sdp: INFO     10|0.000|0.000|7.6e+01|2.8e+00|2.3e+14|-3.117540e+18 -2.806566e+06| 0:4:37| lu 30
2021-03-05 21:31:12,012 root.utils.matlab_sdp: INFO       stop: steps in predictor too short: pstep = 8.07e-07,  dstep = 6.56e-05
2021-03-05 21:31:12,056 root.utils.matlab_sdp: INFO     
2021-03-05 21:31:12,137 root.utils.matlab_sdp: INFO     11|0.000|0.000|7.6e+01|2.8e+00|2.3e+14|-3.117540e+18 -2.806566e+06| 0:5:09|
2021-03-05 21:31:12,137 root.utils.matlab_sdp: INFO       prim_inf,dual_inf,relgap = 7.62e+01, 2.83e+00, 7.29e-05
2021-03-05 21:31:12,177 root.utils.matlab_sdp: INFO       sqlp stop: dual problem is suspected of being infeasible
2021-03-05 21:31:12,178 root.utils.matlab_sdp: INFO     -------------------------------------------------------------------
2021-03-05 21:31:12,179 root.utils.matlab_sdp: INFO      number of iterations   = 11
2021-03-05 21:31:12,181 root.utils.matlab_sdp: INFO      residual of dual infeasibility
2021-03-05 21:31:12,182 root.utils.matlab_sdp: INFO      certificate X          = 8.89e-05
2021-03-05 21:31:12,182 root.utils.matlab_sdp: INFO      reldist to infeas.    <= 9.37e-07
2021-03-05 21:31:12,183 root.utils.matlab_sdp: INFO      Total CPU time (secs)  = 308.96
2021-03-05 21:31:12,183 root.utils.matlab_sdp: INFO      CPU time per iteration = 28.09
2021-03-05 21:31:12,183 root.utils.matlab_sdp: INFO      termination code       =  2
2021-03-05 21:31:12,183 root.utils.matlab_sdp: INFO      DIMACS errors: 9.0e+02  0.0e+00  4.4e+01  0.0e+00  -9.9e-01  5.5e-02
2021-03-05 21:31:12,184 root.utils.matlab_sdp: INFO     -------------------------------------------------------------------
2021-03-05 21:31:12,239 root.utils.matlab_sdp: INFO     >> Solver conclusion: sqlp stop: dual problem is suspected of being infeasible
2021-03-05 21:31:12,241 root.utils.matlab_sdp: INFO     # Get spectral decomposition of solution
2021-03-05 21:31:12,372 root.utils.matlab_sdp: INFO     # Generating output files from obtained solutions
2021-03-05 21:31:14,652 root.utils.matlab_sdp: INFO     # Process completed successfully!
2021-03-05 21:31:14,652 root.utils.matlab_sdp: INFO     ------------------------------------------------------
2021-03-05 21:31:14,670 root.utils.matlab_sdp: INFO     # The [SDP] process was successfully completed !
2021-03-05 21:31:18,516 root                : DEBUG    :: System Report: [SDP] completed! [SPG] environment configuration set.

2021-03-05 21:31:18,516 root                : INFO     :: System Report: Loading [SPG] entries.
2021-03-05 21:31:18,516 root                : INFO     :: #1 Node: ubiq of 1
2021-03-05 21:31:18,516 root                : DEBUG    :: Environmental properties successful loaded.
2021-03-05 21:31:24,498 root.utils.env_set  : DEBUG    :: System Report: Distance file read completed!
2021-03-05 21:31:25,206 root.utils.env_set  : DEBUG    :: Process completed successfully, waiting for data to be read...
2021-03-05 21:31:25,206 root                : INFO     :: System Report: Start [SPG] program phase.
2021-03-05 21:31:27,656 root                : DEBUG    :: The process of reformatting/re-ordination was successfully completed in 2.1732s
2021-03-05 21:31:27,864 root.run_spg.launch_spg: DEBUG    :: relax_k file read complete.
2021-03-05 21:31:28,607 root.run_spg.launch_spg: DEBUG    :: relax_np file read complete.
2021-03-05 21:37:56,746 root.run_spg.launch_spg: INFO     :: maximum iterations: 2000, tol: 1e-06 and memory: 15
2021-03-05 21:38:00,891 root.load_spg.spg   : DEBUG    >> Iter - Obj ------ GtD ------ |d| ------ pB ------ alpha ----
2021-03-05 21:38:18,622 root.load_spg.spg   : INFO     >> 0    : 1.257e+06  -2.564e+09 2.564e+09  1.000e+00  0.0009765625
2021-03-05 21:38:24,617 root.load_spg.spg   : INFO     >> 1    : 8.686e+05  -8.554e+05 3.017e+05  1.559e+03  1.0       
2021-03-05 21:38:42,444 root.load_spg.spg   : INFO     >> 2    : 1.221e+06  -2.939e+08 9.676e+07  3.043e+00  0.0078125 
2021-03-05 21:38:48,269 root.load_spg.spg   : INFO     >> 3    : 5.601e+05  -3.257e+06 3.184e+05  9.846e+02  1.0       
2021-03-05 21:39:03,334 root.load_spg.spg   : INFO     >> 4    : 6.043e+05  -6.293e+07 5.951e+06  1.064e+01  0.015625  
2021-03-05 21:39:09,123 root.load_spg.spg   : INFO     >> 5    : 6.108e+05  -1.846e+05 4.182e+05  1.458e+03  1.0       
2021-03-05 21:39:29,022 root.load_spg.spg   : INFO     >> 6    : 4.131e+05  -8.133e+08 8.918e+08  9.121e-01  0.001953125
2021-03-05 21:39:34,701 root.load_spg.spg   : INFO     >> 7    : 3.040e+05  -6.225e+05 4.009e+05  4.227e+02  1.0       
2021-03-05 21:39:50,625 root.load_spg.spg   : INFO     >> 8    : 3.006e+05  -8.591e+07 3.389e+07  2.565e+00  0.0078125 
2021-03-05 21:39:56,339 root.load_spg.spg   : INFO     >> 9    : 4.858e+05  -3.796e+05 1.039e+05  4.373e+02  1.0       
2021-03-05 21:40:09,783 root.load_spg.spg   : INFO     >> 10   : 9.282e+05  -5.431e+07 5.250e+06  1.123e+01  0.03125   
2021-03-05 21:40:18,415 root.load_spg.spg   : INFO     >> 11   : 6.816e+05  -9.346e+06 1.456e+05  1.968e+02  0.25      
2021-03-05 21:40:24,043 root.load_spg.spg   : INFO     >> 12   : 9.695e+05  -2.886e+06 2.154e+05  4.618e+02  1.0       
2021-03-05 21:40:39,998 root.load_spg.spg   : INFO     >> 13   : 3.077e+05  -2.150e+08 2.274e+07  9.527e+00  0.0078125 
2021-03-05 21:40:45,646 root.load_spg.spg   : INFO     >> 14   : 4.813e+05  -1.715e+05 3.415e+05  1.406e+03  1.0       
2021-03-05 21:41:01,489 root.load_spg.spg   : INFO     >> 15   : 3.211e+05  -6.886e+07 3.436e+07  2.006e+00  0.0078125 
2021-03-05 21:41:07,054 root.load_spg.spg   : INFO     >> 16   : 5.528e+05  -6.719e+05 3.259e+05  2.730e+02  1.0       
2021-03-05 21:41:21,494 root.load_spg.spg   : INFO     >> 17   : 6.867e+05  -1.599e+08 2.734e+07  5.955e+00  0.015625  
2021-03-05 21:41:28,623 root.load_spg.spg   : INFO     >> 18   : 4.799e+05  -3.177e+06 1.475e+05  3.302e+02  0.5       
2021-03-05 21:41:37,250 root.load_spg.spg   : INFO     >> 19   : 4.468e+05  -1.088e+07 4.726e+05  7.339e+01  0.25      
2021-03-05 21:41:45,858 root.load_spg.spg   : INFO     >> 20   : 4.376e+05  -4.439e+06 8.348e+04  1.177e+02  0.25      
2021-03-05 21:41:53,364 root.load_spg.spg   : INFO     >> 21   : 3.195e+05  -1.712e+06 8.087e+04  4.001e+02  0.5       
2021-03-05 21:42:03,463 root.load_spg.spg   : INFO     >> 22   : 4.484e+05  -4.866e+06 9.512e+04  6.858e+01  0.125     
2021-03-05 21:42:09,133 root.load_spg.spg   : INFO     >> 23   : 2.860e+05  -8.535e+05 3.012e+04  1.014e+03  1.0       
2021-03-05 21:42:21,086 root.load_spg.spg   : INFO     >> 24   : 3.390e+05  -6.240e+06 2.108e+05  4.291e+01  0.0625    
2021-03-05 21:42:26,839 root.load_spg.spg   : INFO     >> 25   : 4.634e+05  -3.704e+04 3.971e+05  1.078e+03  1.0       
2021-03-05 21:42:44,985 root.load_spg.spg   : INFO     >> 26   : 8.176e+05  -4.137e+08 5.096e+08  8.118e-01  0.00390625
2021-03-05 21:42:52,398 root.load_spg.spg   : INFO     >> 27   : 4.378e+05  -3.166e+06 4.062e+05  6.139e+02  0.5       
2021-03-05 21:43:05,738 root.load_spg.spg   : INFO     >> 28   : 4.606e+05  -2.582e+07 1.212e+06  2.337e+01  0.03125   
2021-03-05 21:43:11,825 root.load_spg.spg   : INFO     >> 29   : 2.968e+05  -8.122e+05 1.084e+05  1.408e+03  1.0       
2021-03-05 21:43:26,615 root.load_spg.spg   : INFO     >> 30   : 2.966e+05  -2.473e+07 2.131e+06  1.194e+01  0.015625  
2021-03-05 21:43:32,709 root.load_spg.spg   : INFO     >> 31   : 5.974e+05  1.281e+05  3.790e+05  1.493e+03  1.0       
2021-03-05 21:43:52,861 root.load_spg.spg   : INFO     >> 32   : 5.550e+05  -7.679e+08 8.439e+08  9.100e-01  0.001953125
2021-03-05 21:44:03,166 root.load_spg.spg   : INFO     >> 33   : 4.327e+05  -5.284e+06 4.175e+05  1.044e+02  0.125     
2021-03-05 21:44:10,564 root.load_spg.spg   : INFO     >> 34   : 6.838e+05  -2.314e+06 3.393e+05  1.667e+02  0.5       
2021-03-05 21:44:34,317 root.load_spg.spg   : INFO     >> 35   : 2.606e+05  -1.850e+09 2.765e+09  6.692e-01  0.00048828125
2021-03-05 21:44:40,394 root.load_spg.spg   : INFO     >> 36   : 3.212e+05  -8.229e+04 1.063e+05  1.490e+03  1.0       
2021-03-05 21:44:56,626 root.load_spg.spg   : INFO     >> 37   : 7.929e+05  -6.188e+07 2.348e+07  2.647e+00  0.0078125 
2021-03-05 21:45:02,287 root.load_spg.spg   : INFO     >> 38   : 4.668e+05  -6.944e+05 4.459e+05  1.392e+03  1.0       
2021-03-05 21:45:20,430 root.load_spg.spg   : INFO     >> 39   : 4.168e+05  -3.192e+08 1.938e+08  1.649e+00  0.00390625
2021-03-05 21:45:26,329 root.load_spg.spg   : INFO     >> 40   : 6.638e+05  -9.623e+05 4.218e+05  3.554e+02  1.0       
2021-03-05 21:45:41,091 root.load_spg.spg   : INFO     >> 41   : 6.448e+05  -2.056e+08 3.549e+07  5.877e+00  0.015625  
2021-03-05 21:45:48,547 root.load_spg.spg   : INFO     >> 42   : 2.662e+05  -1.762e+06 2.516e+04  4.983e+02  0.5       
2021-03-05 21:45:54,339 root.load_spg.spg   : INFO     >> 43   : 3.524e+05  -4.523e+05 1.448e+05  1.518e+02  1.0       
2021-03-05 21:46:07,803 root.load_spg.spg   : INFO     >> 44   : 5.958e+05  -2.606e+07 3.830e+06  7.326e+00  0.03125   
2021-03-05 21:46:13,718 root.load_spg.spg   : INFO     >> 45   : 5.639e+05  -1.607e+06 3.492e+05  6.049e+02  1.0       
2021-03-05 21:46:30,114 root.load_spg.spg   : INFO     >> 46   : 4.818e+05  -1.279e+08 2.031e+07  6.372e+00  0.0078125 
2021-03-05 21:46:35,931 root.load_spg.spg   : INFO     >> 47   : 4.908e+05  -5.638e+05 4.527e+05  1.502e+03  1.0       
2021-03-05 21:46:52,230 root.load_spg.spg   : INFO     >> 48   : 3.230e+05  -7.224e+07 2.870e+07  2.525e+00  0.0078125 
2021-03-05 21:46:57,962 root.load_spg.spg   : INFO     >> 49   : 4.103e+05  -5.144e+05 3.605e+05  4.780e+02  1.0       
2021-03-05 21:47:15,633 root.load_spg.spg   : INFO     >> 50   : 3.454e+05  -1.023e+08 4.024e+07  2.551e+00  0.00390625
2021-03-05 21:47:21,311 root.load_spg.spg   : INFO     >> 51   : 4.895e+05  -2.276e+05 3.546e+05  1.131e+03  1.0       
2021-03-05 21:47:37,345 root.load_spg.spg   : INFO     >> 52   : 3.852e+05  -9.185e+07 4.423e+07  2.079e+00  0.0078125 
2021-03-05 21:47:43,036 root.load_spg.spg   : INFO     >> 53   : 4.205e+05  -8.339e+05 4.202e+05  5.212e+02  1.0       
2021-03-05 21:48:00,854 root.load_spg.spg   : INFO     >> 54   : 3.211e+05  -1.163e+08 3.799e+07  3.076e+00  0.00390625
2021-03-05 21:48:06,555 root.load_spg.spg   : INFO     >> 55   : 4.970e+05  -2.533e+05 3.731e+05  1.262e+03  1.0       
2021-03-05 21:48:22,836 root.load_spg.spg   : INFO     >> 56   : 3.960e+05  -6.891e+07 3.024e+07  2.283e+00  0.0078125 
2021-03-05 21:48:28,705 root.load_spg.spg   : INFO     >> 57   : 3.737e+05  -7.188e+05 4.091e+05  5.379e+02  1.0       
2021-03-05 21:48:46,233 root.load_spg.spg   : INFO     >> 58   : 2.961e+05  -9.513e+07 3.631e+07  2.637e+00  0.00390625
2021-03-05 21:48:51,914 root.load_spg.spg   : INFO     >> 59   : 5.170e+05  -2.470e+05 3.892e+05  1.077e+03  1.0       
2021-03-05 21:49:08,988 root.load_spg.spg   : INFO     >> 60   : 3.579e+05  -7.192e+07 3.022e+07  2.383e+00  0.00390625
2021-03-05 21:49:14,473 root.load_spg.spg   : INFO     >> 61   : 4.999e+05  -3.551e+05 2.846e+05  5.878e+02  1.0       
2021-03-05 21:49:31,604 root.load_spg.spg   : INFO     >> 62   : 3.130e+05  -9.499e+07 2.680e+07  3.558e+00  0.00390625
2021-03-05 21:49:37,162 root.load_spg.spg   : INFO     >> 63   : 4.344e+05  -2.200e+05 2.597e+05  8.994e+02  1.0       
2021-03-05 21:49:53,121 root.load_spg.spg   : INFO     >> 64   : 3.782e+05  -4.738e+07 1.827e+07  2.603e+00  0.0078125 
2021-03-05 21:49:58,854 root.load_spg.spg   : INFO     >> 65   : 3.737e+05  -3.831e+05 3.437e+05  5.842e+02  1.0       
2021-03-05 21:50:16,147 root.load_spg.spg   : INFO     >> 66   : 3.490e+05  -8.036e+07 4.125e+07  1.956e+00  0.00390625
2021-03-05 21:50:21,819 root.load_spg.spg   : INFO     >> 67   : 4.984e+05  -3.863e+05 3.891e+05  9.933e+02  1.0       
2021-03-05 21:50:38,994 root.load_spg.spg   : INFO     >> 68   : 3.751e+05  -5.861e+07 2.164e+07  2.720e+00  0.00390625
2021-03-05 21:50:44,621 root.load_spg.spg   : INFO     >> 69   : 4.641e+05  -3.909e+05 2.795e+05  6.798e+02  1.0       
2021-03-05 21:51:01,866 root.load_spg.spg   : INFO     >> 70   : 3.333e+05  -8.110e+07 2.378e+07  3.421e+00  0.00390625
2021-03-05 21:51:07,390 root.load_spg.spg   : INFO     >> 71   : 4.489e+05  -2.015e+05 2.716e+05  1.059e+03  1.0       
2021-03-05 21:51:23,737 root.load_spg.spg   : INFO     >> 72   : 3.281e+05  -5.617e+07 2.426e+07  2.321e+00  0.0078125 
2021-03-05 21:51:29,159 root.load_spg.spg   : INFO     >> 73   : 3.411e+05  -5.222e+05 3.363e+05  3.614e+02  1.0       
2021-03-05 21:51:44,871 root.load_spg.spg   : INFO     >> 74   : 2.614e+05  -7.436e+07 2.623e+07  2.869e+00  0.0078125 
2021-03-05 21:51:50,370 root.load_spg.spg   : INFO     >> 75   : 3.556e+05  -3.476e+05 2.053e+05  4.879e+02  1.0       
2021-03-05 21:52:05,963 root.load_spg.spg   : INFO     >> 76   : 4.121e+05  -5.849e+07 1.473e+07  4.071e+00  0.0078125 
2021-03-05 21:52:11,417 root.load_spg.spg   : INFO     >> 77   : 2.638e+05  -5.915e+05 5.099e+04  9.822e+02  1.0       
2021-03-05 21:52:21,192 root.load_spg.spg   : INFO     >> 78   : 3.716e+05  -8.560e+06 8.571e+05  1.746e+01  0.125     
2021-03-05 21:52:29,514 root.load_spg.spg   : INFO     >> 79   : 4.011e+05  -3.183e+06 1.013e+05  9.342e+01  0.25      
2021-03-05 21:52:37,867 root.load_spg.spg   : INFO     >> 80   : 2.639e+05  -2.215e+06 1.564e+05  2.374e+02  0.25      
2021-03-05 21:52:47,951 root.load_spg.spg   : INFO     >> 81   : 2.921e+05  -2.153e+06 3.965e+04  8.280e+01  0.125     
2021-03-05 21:52:53,811 root.load_spg.spg   : INFO     >> 82   : 2.689e+05  -3.652e+05 2.329e+04  9.701e+02  1.0       
2021-03-05 21:53:07,161 root.load_spg.spg   : INFO     >> 83   : 2.322e+05  -7.333e+06 3.421e+05  2.924e+01  0.03125   
2021-03-05 21:53:14,843 root.load_spg.spg   : INFO     >> 84   : 3.119e+05  7.250e+04  2.914e+05  1.156e+03  0.5       
2021-03-05 21:53:31,288 root.load_spg.spg   : INFO     >> 85   : 2.970e+05  -1.565e+08 1.315e+08  1.193e+00  0.0078125 
2021-03-05 21:53:39,016 root.load_spg.spg   : INFO     >> 86   : 3.566e+05  -4.829e+05 8.610e+04  2.316e+02  0.5       
2021-03-05 21:53:52,993 root.load_spg.spg   : INFO     >> 87   : 3.051e+05  -1.768e+07 6.968e+05  2.635e+01  0.03125   
2021-03-05 21:53:59,116 root.load_spg.spg   : INFO     >> 88   : 2.306e+05  -2.933e+05 6.665e+04  1.479e+03  1.0       
2021-03-05 21:54:14,238 root.load_spg.spg   : INFO     >> 89   : 2.412e+05  -6.598e+06 1.237e+06  6.558e+00  0.015625  
2021-03-05 21:54:20,034 root.load_spg.spg   : INFO     >> 90   : 3.224e+05  -1.698e+05 2.225e+05  7.808e+02  1.0       
2021-03-05 21:54:36,515 root.load_spg.spg   : INFO     >> 91   : 3.485e+05  -1.331e+07 6.100e+06  2.238e+00  0.0078125 
2021-03-05 21:54:43,978 root.load_spg.spg   : INFO     >> 92   : 2.537e+05  -4.504e+05 3.110e+05  7.668e+02  0.5       
2021-03-05 21:54:58,653 root.load_spg.spg   : INFO     >> 93   : 3.697e+05  -1.262e+07 3.903e+06  3.339e+00  0.015625  
2021-03-05 21:55:05,745 root.load_spg.spg   : INFO     >> 94   : 2.458e+05  -6.439e+05 1.461e+05  7.132e+02  0.5       
2021-03-05 21:55:18,678 root.load_spg.spg   : INFO     >> 95   : 3.208e+05  -5.587e+06 5.946e+05  1.073e+01  0.03125   
2021-03-05 21:55:24,212 root.load_spg.spg   : INFO     >> 96   : 3.269e+05  -5.253e+05 6.944e+04  9.311e+02  1.0       
2021-03-05 21:55:38,671 root.load_spg.spg   : INFO     >> 97   : 2.448e+05  -2.520e+07 1.702e+06  1.522e+01  0.015625  
2021-03-05 21:55:47,278 root.load_spg.spg   : INFO     >> 98   : 2.964e+05  1.480e+05  3.853e+05  1.507e+03  0.25      
2021-03-05 21:56:04,163 root.load_spg.spg   : INFO     >> 99   : 2.860e+05  -1.940e+08 1.602e+08  1.215e+00  0.0078125 
2021-03-05 21:56:13,067 root.load_spg.spg   : INFO     >> 100  : 2.265e+05  -7.637e+05 4.967e+04  2.881e+02  0.25      
2021-03-05 21:56:23,157 root.load_spg.spg   : INFO     >> 101  : 2.252e+05  -6.431e+05 3.156e+04  8.423e+01  0.125     
2021-03-05 21:56:30,535 root.load_spg.spg   : INFO     >> 102  : 2.612e+05  -2.930e+05 3.035e+04  3.238e+02  0.5       
2021-03-05 21:56:42,949 root.load_spg.spg   : INFO     >> 103  : 2.639e+05  -4.632e+06 1.043e+05  4.797e+01  0.0625    
2021-03-05 21:56:48,945 root.load_spg.spg   : INFO     >> 104  : 1.941e+05  -2.076e+05 2.514e+04  1.436e+03  1.0       
2021-03-05 21:57:02,251 root.load_spg.spg   : INFO     >> 105  : 2.426e+05  -1.387e+06 3.852e+05  1.096e+01  0.03125   
2021-03-05 21:57:09,575 root.load_spg.spg   : INFO     >> 106  : 2.029e+05  -3.178e+05 1.730e+05  4.923e+02  0.5       
2021-03-05 21:57:24,715 root.load_spg.spg   : INFO     >> 107  : 2.391e+05  -2.327e+06 6.157e+05  5.505e+00  0.015625  
2021-03-05 21:57:30,400 root.load_spg.spg   : INFO     >> 108  : 2.368e+05  -2.261e+05 4.750e+04  9.827e+02  1.0       
2021-03-05 21:57:45,013 root.load_spg.spg   : INFO     >> 109  : 3.239e+05  -1.818e+07 2.049e+06  9.417e+00  0.015625  
2021-03-05 21:57:56,403 root.load_spg.spg   : INFO     >> 110  : 3.253e+05  1.221e+04  3.477e+05  1.487e+03  0.0625    
2021-03-05 21:58:16,894 root.load_spg.spg   : INFO     >> 111  : 2.422e+05  -4.872e+08 5.238e+08  9.320e-01  0.0009765625
2021-03-05 21:58:22,422 root.load_spg.spg   : INFO     >> 112  : 1.779e+05  -1.147e+05 6.174e+03  1.572e+03  1.0       
2021-03-05 21:58:34,220 root.load_spg.spg   : INFO     >> 113  : 2.282e+05  -1.289e+05 2.839e+05  1.631e+01  0.0625    
2021-03-05 21:58:44,219 root.load_spg.spg   : INFO     >> 114  : 2.089e+05  -1.219e+06 1.321e+05  1.064e+02  0.125     
2021-03-05 21:58:53,518 root.load_spg.spg   : INFO     >> 115  : 2.823e+05  -6.156e+05 7.468e+03  1.289e+02  0.25      
2021-03-05 21:58:59,289 root.load_spg.spg   : INFO     >> 116  : 2.273e+05  -3.472e+05 4.729e+04  9.741e+02  1.0       
2021-03-05 21:59:14,898 root.load_spg.spg   : INFO     >> 117  : 2.278e+05  -8.162e+06 8.223e+05  1.235e+01  0.015625  
2021-03-05 21:59:22,601 root.load_spg.spg   : INFO     >> 118  : 2.694e+05  -2.403e+04 2.900e+05  1.276e+03  0.5       
2021-03-05 21:59:42,782 root.load_spg.spg   : INFO     >> 119  : 2.755e+05  -9.478e+07 6.446e+07  1.479e+00  0.001953125
2021-03-05 21:59:48,765 root.load_spg.spg   : INFO     >> 120  : 2.122e+05  -1.003e+05 7.274e+04  1.552e+03  1.0       
2021-03-05 22:00:09,159 root.load_spg.spg   : INFO     >> 121  : 3.229e+05  -1.121e+08 1.102e+08  1.019e+00  0.001953125
2021-03-05 22:00:19,267 root.load_spg.spg   : INFO     >> 122  : 3.236e+05  -1.428e+04 3.153e+05  1.571e+03  0.125     
2021-03-05 22:00:40,434 root.load_spg.spg   : INFO     >> 123  : 2.201e+05  -4.722e+08 4.762e+08  9.937e-01  0.0009765625
2021-03-05 22:00:46,233 root.load_spg.spg   : INFO     >> 124  : 1.777e+05  -7.116e+04 5.050e+03  1.575e+03  1.0       
2021-03-05 22:00:58,881 root.load_spg.spg   : INFO     >> 125  : 2.127e+05  -5.773e+05 3.201e+05  1.140e+01  0.03125   
